
ROM used:   2516/32760 (8%)
            2516/32760 (8%) including unused fragments

            1.3 Average locations per line
            9.7 Average locations per statement

RAM used:   25/3776 (1%) at main() level
            42/3776 (1%) worst case

Stack used: 2 worst case (2 in main + 0 for interrupts)
Stack size: 31

Lines Stmts  %   Files
----- ----- ---  -----
   48    16   6  DS3231_Main.c
   44     0   0  Config.h
  899     0   0  ..\..\..\..\..\..\..\..\Program Files (x86)\PICC\devices\18F25J50.h
  147     0   0  SFR.h
  433   151  58  SSD1306.c
  128     0   0  SSD1306.h
  213    93  36  DS3231.c
   58     0   0  DS3231.h
----- -----
 1970   260 Total

Page ROM  %  RAM    Vol Diff  Functions:
---- --- --- ---    --- ----  ----------
0     44   1    1             @delay_ms1
0     28   1    1             @I2C_WRITEU_1
0     28   1    1             @I2C_READU_1
0     14   0    0             @const815
0     14   0    0             @const821
0     14   0    0             @const823
0     28   1    0             @const824
0     38   1    0             @const825
0     30   1    0             @const826
0     36   1    0             @const827
0     32   1    0             @const828
0     28   1    0             @const829
0     28   1    0             @const830
0     26   1    0             @const831
0     30   1    0             @const832
0     28   1    0             @const833
0     30   1    0             @const834
0     30   1    0             @const835
0     32   1    0             @const836
0     38   1    0             @const837
0     32   1    0             @const838
0     28   1    0             @const839
0     14   0    0             @const841
0      8   0    0             @const842
0      8   0    0             @const843
0     68   1    6    282  6.4  DS3231_Write
0    134   3   10    716  7.8  DS3231_Reade_Pointer
0    118   2    9    756  6.7  DS3231_Init_Clock
0    130   3    9    770  6.7  DS3231_Init_Data
0    152   3    8    544  4.5  DS3231_Read_Clock
0    198   4    8    183  2.6  DS3231_Print_Clock
0     40   1    3             @DIV88
0    178   4    6             @PRINTF_D_115200_31766_31767
0    172   3    9    621  4.5  DS3231_Read_Data
0    364   7    8    619  4.7  DS3231_Print_Data
0     40   1    0             @goto11051
0    180   4   20    510  5.6  MAIN
0     18   0    0             @const933
0     34   1    2             @PSTRINGC_115200_31766_31767
0     20   0    0             @const935
 Inline         0             @cinit1

Program metrics:
    Functions               9
    Statements              260
    Comments                373
    Volume (V)              7745
    Difficulty (D)          45.7
    Effort to implement (E) 353730
    Time to implement (T)   5 hours, 28 minutes
    Est Delivered Bugs (B)  2
    Cyclomatic Complexity   12
    Maintainability (MI)    55

 Segment     Used  Free
-----------  ----  ----
00000-00002     4  0  
00004-07FF6  2512  30244  



