
ROM used:   2732/32760 (8%)
            2732/32760 (8%) including unused fragments

            1.3 Average locations per line
            8.5 Average locations per statement

RAM used:   69/3776 (2%) at main() level
            89/3776 (2%) worst case

Stack used: 3 worst case (2 in main + 1 for interrupts)
Stack size: 31

Lines Stmts  %   Files
----- ----- ---  -----
  132    52  16  DS3231_Main.c
   44     0   0  Config.h
  899     0   0  C:\Program Files (x86)\PICC\devices\18F25J50.h
  147     0   0  SFR.h
  433   151  47  SSD1306.c
  128     0   0  SSD1306.h
  253   117  37  DS3231.c
   64     0   0  DS3231.h
----- -----
 2100   320 Total

Page ROM  %  RAM    Vol Diff  Functions:
---- --- --- ---    --- ----  ----------
0     44   1    1             @delay_ms1
0     28   1    1             @I2C_WRITEU_1
0     28   1    1             @I2C_READU_1
0     14   0    0             @const815
0     14   0    0             @const821
0     14   0    0             @const823
0     28   1    0             @const824
0     38   1    0             @const825
0     30   1    0             @const826
0     36   1    0             @const827
0     32   1    0             @const828
0     28   1    0             @const829
0     28   1    0             @const830
0     26   0    0             @const831
0     30   1    0             @const832
0     28   1    0             @const833
0     30   1    0             @const834
0     30   1    0             @const835
0     32   1    0             @const836
0     38   1    0             @const837
0     32   1    0             @const838
0     28   1    0             @const839
0     14   0    0             @const841
0      8   0    0             @const842
0      8   0    0             @const843
0    134   2   10    716  7.8  DS3231_Reade_Pointer
0    152   3    8    544  4.5  DS3231_Read_Clock
0    198   4    8    183  2.6  DS3231_Print_Clock
0     40   1    3             @DIV88
0    178   3    6             @PRINTF_D_115200_31766_31767
0    172   3    9    621  4.5  DS3231_Read_Data
0    364   7    8    619  4.7  DS3231_Print_Data
0     40   1    0             @goto11055
0     96   2    4    277  2.8  DS3231_String_To_Massiv_Clock
0    150   3    3    741  6.6  RDA_isr
0     40   1    2             @PSTRINGR_115200_31766_31767
0     34   1    0             @goto11114
0    226   4   20    606  5.6  MAIN
0     18   0    0             @const947
0     34   1    2             @PSTRINGC_115200_31766_31767
0     20   0    0             @const949
 Inline         0             @cinit1

Program metrics:
    Functions               8
    Statements              320
    Comments                388
    Volume (V)              6571
    Difficulty (D)          35.5
    Effort to implement (E) 233113
    Time to implement (T)   3 hours, 36 minutes
    Est Delivered Bugs (B)  1
    Cyclomatic Complexity   18
    Maintainability (MI)    27

 Segment     Used  Free
-----------  ----  ----
00000-00002     4  0  
00004-00006     0  4  
00008-000AC   166  0  
000AE-07FF6  2562  30024  



